TN:
SF:./app/js/app.js
FN:5,(anonymous_1)
FN:12,(anonymous_2)
FN:18,(anonymous_3)
FN:20,(anonymous_4)
FN:24,(anonymous_5)
FN:40,(anonymous_6)
FNF:6
FNH:5
FNDA:3,(anonymous_1)
FNDA:3,(anonymous_2)
FNDA:3,(anonymous_3)
FNDA:0,(anonymous_4)
FNDA:2,(anonymous_5)
FNDA:1,(anonymous_6)
DA:4,1
DA:6,3
DA:13,3
DA:14,3
DA:15,3
DA:19,3
DA:20,3
DA:21,0
DA:24,3
DA:25,2
DA:26,2
DA:27,2
DA:28,2
DA:29,1
DA:30,0
DA:31,0
DA:34,1
DA:35,1
DA:36,1
DA:40,3
DA:41,1
DA:42,1
LF:22
LH:19
BRDA:28,1,0,1
BRDA:28,1,1,1
BRDA:29,2,0,0
BRDA:29,2,1,1
BRDA:34,3,0,1
BRDA:34,3,1,0
BRF:6
BRH:4
end_of_record
TN:
SF:./app/js/controllers.js
FN:6,(anonymous_1)
FN:11,(anonymous_2)
FN:15,LoginController
FN:16,(anonymous_4)
FN:21,LoginDirectiveController
FN:22,(anonymous_6)
FN:24,(anonymous_7)
FN:26,(anonymous_8)
FN:31,(anonymous_9)
FN:35,(anonymous_10)
FN:36,(anonymous_11)
FN:39,(anonymous_12)
FN:45,UsersController
FN:47,success
FN:63,(anonymous_15)
FN:70,UserController
FN:73,updateRolesViewModelFromUser
FN:74,(anonymous_18)
FN:79,updateUserFromRolesViewModel
FN:81,(anonymous_20)
FN:91,success
FN:95,error
FN:100,(anonymous_23)
FN:103,(anonymous_24)
FN:106,error
FNF:25
FNH:10
FNDA:0,(anonymous_1)
FNDA:0,(anonymous_2)
FNDA:0,LoginController
FNDA:0,(anonymous_4)
FNDA:7,LoginDirectiveController
FNDA:3,(anonymous_6)
FNDA:2,(anonymous_7)
FNDA:1,(anonymous_8)
FNDA:8,(anonymous_9)
FNDA:2,(anonymous_10)
FNDA:1,(anonymous_11)
FNDA:1,(anonymous_12)
FNDA:2,UsersController
FNDA:1,success
FNDA:0,(anonymous_15)
FNDA:0,UserController
FNDA:0,updateRolesViewModelFromUser
FNDA:0,(anonymous_18)
FNDA:0,updateUserFromRolesViewModel
FNDA:0,(anonymous_20)
FNDA:0,success
FNDA:0,error
FNDA:0,(anonymous_23)
FNDA:0,(anonymous_24)
FNDA:0,error
DA:5,1
DA:15,1
DA:16,0
DA:17,0
DA:21,1
DA:22,7
DA:23,3
DA:24,3
DA:25,2
DA:27,1
DA:31,7
DA:32,8
DA:35,7
DA:36,2
DA:37,1
DA:40,1
DA:45,1
DA:46,2
DA:48,1
DA:54,2
DA:58,2
DA:63,2
DA:64,0
DA:65,0
DA:70,1
DA:72,0
DA:73,1
DA:74,0
DA:75,0
DA:79,1
DA:80,0
DA:81,0
DA:82,0
DA:83,0
DA:86,0
DA:90,0
DA:92,0
DA:93,0
DA:96,0
DA:100,0
DA:101,0
DA:102,0
DA:104,0
LF:43
LH:23
BRDA:82,1,0,0
BRDA:82,1,1,0
BRF:2
BRH:0
end_of_record
TN:
SF:./app/js/directives.js
FN:4,(anonymous_1)
FN:5,(anonymous_2)
FN:10,(anonymous_3)
FN:20,(anonymous_4)
FN:22,(anonymous_5)
FN:32,(anonymous_6)
FN:42,(anonymous_7)
FN:45,(anonymous_8)
FN:49,(anonymous_9)
FNF:9
FNH:6
FNDA:1,(anonymous_1)
FNDA:1,(anonymous_2)
FNDA:2,(anonymous_3)
FNDA:2,(anonymous_4)
FNDA:0,(anonymous_5)
FNDA:1,(anonymous_6)
FNDA:1,(anonymous_7)
FNDA:0,(anonymous_8)
FNDA:0,(anonymous_9)
DA:3,1
DA:5,1
DA:6,1
DA:11,2
DA:21,2
DA:22,2
DA:23,0
DA:24,0
DA:25,0
DA:33,1
DA:43,1
DA:45,1
DA:46,0
DA:49,1
DA:50,0
LF:15
LH:10
BRDA:23,1,0,0
BRDA:23,1,1,0
BRF:2
BRH:0
end_of_record
TN:
SF:./app/js/filters.js
FN:6,(anonymous_1)
FN:7,(anonymous_2)
FNF:2
FNH:2
FNDA:1,(anonymous_1)
FNDA:1,(anonymous_2)
DA:5,1
DA:7,1
DA:8,1
LF:3
LH:3
BRF:0
BRH:0
end_of_record
TN:
SF:./app/js/http-auth-interceptor.js
FN:8,(anonymous_1)
FN:13,(anonymous_2)
FN:21,(anonymous_3)
FN:22,(anonymous_4)
FN:33,(anonymous_5)
FN:45,(anonymous_6)
FN:47,(anonymous_7)
FN:48,success
FN:52,error
FN:63,(anonymous_10)
FN:76,(anonymous_11)
FN:83,retryHttpRequest
FN:84,successCallback
FN:87,errorCallback
FN:98,(anonymous_15)
FN:108,(anonymous_16)
FN:120,(anonymous_17)
FNF:17
FNH:7
FNDA:1,(anonymous_1)
FNDA:0,(anonymous_2)
FNDA:0,(anonymous_3)
FNDA:0,(anonymous_4)
FNDA:0,(anonymous_5)
FNDA:25,(anonymous_6)
FNDA:22,(anonymous_7)
FNDA:11,success
FNDA:3,error
FNDA:14,(anonymous_10)
FNDA:22,(anonymous_11)
FNDA:0,retryHttpRequest
FNDA:0,successCallback
FNDA:0,errorCallback
FNDA:0,(anonymous_15)
FNDA:0,(anonymous_16)
FNDA:0,(anonymous_17)
DA:8,1
DA:11,1
DA:14,0
DA:22,0
DA:23,0
DA:24,0
DA:34,0
DA:35,0
DA:47,25
DA:48,1
DA:49,11
DA:52,1
DA:53,3
DA:54,0
DA:55,0
DA:56,0
DA:57,0
DA:60,3
DA:63,22
DA:64,14
DA:68,25
DA:74,1
DA:78,22
DA:81,22
DA:83,1
DA:84,1
DA:85,0
DA:87,1
DA:88,0
DA:90,0
DA:91,0
DA:94,22
DA:99,0
DA:109,0
DA:110,0
DA:111,0
DA:114,0
DA:121,0
DA:122,0
DA:124,0
LF:40
LH:18
BRDA:22,1,0,0
BRDA:22,1,1,0
BRDA:53,2,0,0
BRDA:53,2,1,3
BRDA:53,3,0,3
BRDA:53,3,1,3
BRDA:90,4,0,0
BRDA:90,4,1,0
BRDA:109,5,0,0
BRDA:109,5,1,0
BRF:10
BRH:3
end_of_record
TN:
SF:./app/js/services.js
FN:8,(anonymous_1)
FN:9,getUsers
FN:11,(anonymous_3)
FN:18,getUser
FN:20,(anonymous_5)
FN:23,(anonymous_6)
FN:29,updateUser
FN:40,(anonymous_8)
FN:47,userHasRole
FN:51,routeDoesNotRequireAuthentication
FN:55,isAuthorizedToAccess
FN:59,isAuthenticated
FN:63,authenticate
FN:67,(anonymous_14)
FN:72,(anonymous_15)
FN:76,(anonymous_16)
FN:82,getAuthenticatedUser
FN:88,logout
FN:93,(anonymous_19)
FN:97,(anonymous_20)
FN:113,(anonymous_21)
FN:114,genericErrorHandler
FNF:22
FNH:16
FNDA:1,(anonymous_1)
FNDA:1,getUsers
FNDA:1,(anonymous_3)
FNDA:0,getUser
FNDA:0,(anonymous_5)
FNDA:0,(anonymous_6)
FNDA:0,updateUser
FNDA:18,(anonymous_8)
FNDA:2,userHasRole
FNDA:2,routeDoesNotRequireAuthentication
FNDA:2,isAuthorizedToAccess
FNDA:2,isAuthenticated
FNDA:9,authenticate
FNDA:9,(anonymous_14)
FNDA:6,(anonymous_15)
FNDA:2,(anonymous_16)
FNDA:8,getAuthenticatedUser
FNDA:4,logout
FNDA:1,(anonymous_19)
FNDA:1,(anonymous_20)
FNDA:0,(anonymous_21)
FNDA:0,genericErrorHandler
DA:5,1
DA:9,1
DA:10,1
DA:12,1
DA:18,1
DA:19,0
DA:21,0
DA:24,0
DA:29,1
DA:30,0
DA:33,1
DA:41,18
DA:43,18
DA:44,0
DA:47,1
DA:48,2
DA:51,1
DA:52,2
DA:55,1
DA:56,2
DA:59,1
DA:60,2
DA:63,1
DA:64,9
DA:68,9
DA:73,6
DA:74,6
DA:75,6
DA:77,2
DA:82,1
DA:83,8
DA:84,8
DA:85,8
DA:88,1
DA:89,4
DA:90,4
DA:91,4
DA:92,4
DA:94,1
DA:95,1
DA:98,1
DA:99,1
DA:104,18
DA:114,1
DA:115,0
DA:116,0
DA:117,0
DA:120,0
DA:123,0
DA:126,0
LF:50
LH:39
BRDA:43,1,0,0
BRDA:43,1,1,18
BRDA:56,2,0,2
BRDA:56,2,1,2
BRDA:94,3,0,1
BRDA:94,3,1,0
BRDA:98,4,0,1
BRDA:98,4,1,0
BRDA:116,5,0,0
BRDA:116,5,1,0
BRF:10
BRH:5
end_of_record
